<?xml version="1.0" encoding="UTF-8"?>
<testng-results skipped="0" failed="0" ignored="0" total="1" passed="1">
  <reporter-output>
  </reporter-output>
  <suite name="Suite" duration-ms="33215" started-at="2021-06-18T19:30:00 IST" finished-at="2021-06-18T19:30:33 IST">
    <groups>
    </groups>
    <test name="Test" duration-ms="33215" started-at="2021-06-18T19:30:00 IST" finished-at="2021-06-18T19:30:33 IST">
      <class name="com.jenkins.basicChromeLaunch.LaunchChromeBrowser">
        <test-method status="PASS" signature="launchChromeTest()[pri:0, instance:com.jenkins.basicChromeLaunch.LaunchChromeBrowser@e63ade]" name="launchChromeTest" duration-ms="33133" started-at="2021-06-18T19:30:00 IST" finished-at="2021-06-18T19:30:33 IST">
          <reporter-output>
          </reporter-output>
        </test-method> <!-- launchChromeTest -->
      </class> <!-- com.jenkins.basicChromeLaunch.LaunchChromeBrowser -->
    </test> <!-- Test -->
  </suite> <!-- Suite -->
</testng-results>
